D:\PROJECTS\COMPILERS\VIMASSIST\PROJECT\VIMASSIST\SYNTAXPARSER\DEBUG\VC110.PDB
D:\PROJECTS\COMPILERS\VIMASSIST\PROJECT\VIMASSIST\SYNTAXPARSER\DEBUG\ASTPARSER.OBJ
D:\PROJECTS\COMPILERS\VIMASSIST\PROJECT\VIMASSIST\SYNTAXPARSER\DEBUG\STMT.OBJ
D:\PROJECTS\COMPILERS\VIMASSIST\PROJECT\VIMASSIST\SYNTAXPARSER\DEBUG\TOPLEVELSTMT.OBJ
D:\PROJECTS\COMPILERS\VIMASSIST\PROJECT\VIMASSIST\SYNTAXPARSER\DEBUG\INCLUDESTMT.OBJ
D:\PROJECTS\COMPILERS\VIMASSIST\PROJECT\VIMASSIST\SYNTAXPARSER\DEBUG\DELIMITERANALYSER.OBJ
D:\PROJECTS\COMPILERS\VIMASSIST\PROJECT\VIMASSIST\SYNTAXPARSER\DEBUG\DELIMITERANALYSER_SHARP.OBJ
D:\PROJECTS\COMPILERS\VIMASSIST\PROJECT\VIMASSIST\SYNTAXPARSER\DEBUG\DELIMITERANALYSERFACTORY.OBJ
D:\PROJECTS\COMPILERS\VIMASSIST\PROJECT\VIMASSIST\SYNTAXPARSER\DEBUG\COMPOSEDSTMT.OBJ
D:\PROJECTS\COMPILERS\VIMASSIST\PROJECT\VIMASSIST\DEBUG\SYNTAXPARSER.LIB
D:\Projects\Compilers\VimAssist\Project\VimAssist\SyntaxParser\Debug\AstParser.obj
D:\Projects\Compilers\VimAssist\Project\VimAssist\SyntaxParser\Debug\ComposedStmt.obj
D:\Projects\Compilers\VimAssist\Project\VimAssist\SyntaxParser\Debug\DelimiterAnalyser.obj
D:\Projects\Compilers\VimAssist\Project\VimAssist\SyntaxParser\Debug\DelimiterAnalyserFactory.obj
D:\Projects\Compilers\VimAssist\Project\VimAssist\SyntaxParser\Debug\DelimiterAnalyser_Sharp.obj
D:\Projects\Compilers\VimAssist\Project\VimAssist\SyntaxParser\Debug\IncludeStmt.obj
D:\Projects\Compilers\VimAssist\Project\VimAssist\SyntaxParser\Debug\Stmt.obj
D:\Projects\Compilers\VimAssist\Project\VimAssist\SyntaxParser\Debug\TopLevelStmt.obj
D:\Projects\Compilers\VimAssist\Project\VimAssist\SyntaxParser\Debug\cl.command.1.tlog
D:\Projects\Compilers\VimAssist\Project\VimAssist\SyntaxParser\Debug\CL.read.1.tlog
D:\Projects\Compilers\VimAssist\Project\VimAssist\SyntaxParser\Debug\CL.write.1.tlog
D:\Projects\Compilers\VimAssist\Project\VimAssist\SyntaxParser\Debug\Lib-link.read.1.tlog
D:\Projects\Compilers\VimAssist\Project\VimAssist\SyntaxParser\Debug\Lib-link.write.1.tlog
D:\Projects\Compilers\VimAssist\Project\VimAssist\SyntaxParser\Debug\lib.command.1.tlog
D:\Projects\Compilers\VimAssist\Project\VimAssist\SyntaxParser\Debug\vc110.idb
D:\Projects\Compilers\VimAssist\Project\VimAssist\SyntaxParser\Debug\vc110.pdb
D:\Projects\Compilers\VimAssist\Project\VimAssist\Debug\SyntaxParser.lib
