D:\PROJECTS\COMPILERS\VIMASSIST\LEXER\DEBUG\LEXER.OBJ
D:\PROJECTS\COMPILERS\VIMASSIST\LEXER\DEBUG\VC110.PDB
D:\PROJECTS\COMPILERS\VIMASSIST\DEBUG\LEXER.ILK
D:\PROJECTS\COMPILERS\VIMASSIST\DEBUG\LEXER.EXE
D:\PROJECTS\COMPILERS\VIMASSIST\DEBUG\LEXER.PDB
D:\Projects\Compilers\VimAssist\Lexer\Debug\Lexer.obj
D:\Projects\Compilers\VimAssist\Lexer\Debug\cl.command.1.tlog
D:\Projects\Compilers\VimAssist\Lexer\Debug\CL.read.1.tlog
D:\Projects\Compilers\VimAssist\Lexer\Debug\CL.write.1.tlog
D:\Projects\Compilers\VimAssist\Lexer\Debug\link-cvtres.read.1.tlog
D:\Projects\Compilers\VimAssist\Lexer\Debug\link-cvtres.write.1.tlog
D:\Projects\Compilers\VimAssist\Lexer\Debug\link-rc.read.1.tlog
D:\Projects\Compilers\VimAssist\Lexer\Debug\link-rc.write.1.tlog
D:\Projects\Compilers\VimAssist\Lexer\Debug\link.command.1.tlog
D:\Projects\Compilers\VimAssist\Lexer\Debug\link.read.1.tlog
D:\Projects\Compilers\VimAssist\Lexer\Debug\link.write.1.tlog
D:\Projects\Compilers\VimAssist\Lexer\Debug\vc110.idb
D:\Projects\Compilers\VimAssist\Lexer\Debug\vc110.pdb
D:\Projects\Compilers\VimAssist\Debug\Lexer.pdb
D:\Projects\Compilers\VimAssist\Debug\Lexer.exe
D:\Projects\Compilers\VimAssist\Debug\Lexer.ilk
