D:\PROJECTS\COMPILERS\VIMASSIST\ASTPARSER\DEBUG\STMT.OBJ
D:\PROJECTS\COMPILERS\VIMASSIST\ASTPARSER\DEBUG\TOPLEVELSTMT.OBJ
D:\PROJECTS\COMPILERS\VIMASSIST\ASTPARSER\DEBUG\VC110.PDB
D:\PROJECTS\COMPILERS\VIMASSIST\ASTPARSER\DEBUG\ASTPARSER.OBJ
D:\PROJECTS\COMPILERS\VIMASSIST\ASTPARSER\DEBUG\INCLUDESTMT.OBJ
D:\PROJECTS\COMPILERS\VIMASSIST\ASTPARSER\DEBUG\ASTTREE.OBJ
D:\PROJECTS\COMPILERS\VIMASSIST\DEBUG\ASTPARSER.LIB
D:\Projects\Compilers\VimAssist\AstParser\Debug\AstParser.obj
D:\Projects\Compilers\VimAssist\AstParser\Debug\AstTree.obj
D:\Projects\Compilers\VimAssist\AstParser\Debug\IncludeStmt.obj
D:\Projects\Compilers\VimAssist\AstParser\Debug\Stmt.obj
D:\Projects\Compilers\VimAssist\AstParser\Debug\TopLevelStmt.obj
D:\Projects\Compilers\VimAssist\AstParser\Debug\cl.command.1.tlog
D:\Projects\Compilers\VimAssist\AstParser\Debug\CL.read.1.tlog
D:\Projects\Compilers\VimAssist\AstParser\Debug\CL.write.1.tlog
D:\Projects\Compilers\VimAssist\AstParser\Debug\Lib-link.read.1.tlog
D:\Projects\Compilers\VimAssist\AstParser\Debug\Lib-link.write.1.tlog
D:\Projects\Compilers\VimAssist\AstParser\Debug\lib.command.1.tlog
D:\Projects\Compilers\VimAssist\AstParser\Debug\vc110.idb
D:\Projects\Compilers\VimAssist\AstParser\Debug\vc110.pdb
D:\Projects\Compilers\VimAssist\Debug\AstParser.lib
